<?xml version="1.0" encoding="UTF-8"?>
<!-- Generated by org.testng.reporters.JUnitReportReporter -->
<testsuite skipped="0" hostname="Jaga-Laptop" name="excercises.TwentyFifthScriptOnGETAPIAutomation" tests="1" failures="0" timestamp="03 Jun 2022 03:02:21 GMT" time="9.946" errors="0">
  <testcase name="getCall" time="9.946" classname="excercises.TwentyFifthScriptOnGETAPIAutomation"/>
</testsuite> <!-- excercises.TwentyFifthScriptOnGETAPIAutomation -->
