<?xml version="1.0" encoding="UTF-8"?>
<!-- Generated by org.testng.reporters.JUnitReportReporter -->
<testsuite skipped="0" hostname="Jaga-Laptop" name="excercises.TwentyFifthScriptOnAPIAutomation" tests="4" failures="0" timestamp="03 Jun 2022 03:48:52 GMT" time="2.326" errors="0">
  <testcase name="putCall" time="0.578" classname="excercises.TwentyFifthScriptOnAPIAutomation"/>
  <testcase name="deleteCall" time="0.764" classname="excercises.TwentyFifthScriptOnAPIAutomation"/>
  <testcase name="postCall" time="0.575" classname="excercises.TwentyFifthScriptOnAPIAutomation"/>
  <testcase name="getCall" time="0.409" classname="excercises.TwentyFifthScriptOnAPIAutomation"/>
</testsuite> <!-- excercises.TwentyFifthScriptOnAPIAutomation -->
